[2024-09-28 06:15:48] local.ERROR: require(C:\Zaki-Adam\Code\DPW\Laravel\dpw-tubes-2\routes/api.php): Failed to open stream: No such file or directory {"exception":"[object] (ErrorException(code: 0): require(C:\\Zaki-Adam\\Code\\DPW\\Laravel\\dpw-tubes-2\\routes/api.php): Failed to open stream: No such file or directory at C:\\Zaki-Adam\\Code\\DPW\\Laravel\\dpw-tubes-2\\vendor\\laravel\\framework\\src\\Illuminate\\Routing\\RouteFileRegistrar.php:35)
[stacktrace]
#0 C:\\Zaki-Adam\\Code\\DPW\\Laravel\\dpw-tubes-2\\vendor\\laravel\\framework\\src\\Illuminate\\Foundation\\Bootstrap\\HandleExceptions.php(255): Illuminate\\Foundation\\Bootstrap\\HandleExceptions->handleError(2, 'require(C:\\\\Zaki...', 'C:\\\\Zaki-Adam\\\\Co...', 35)
#1 C:\\Zaki-Adam\\Code\\DPW\\Laravel\\dpw-tubes-2\\vendor\\laravel\\framework\\src\\Illuminate\\Routing\\RouteFileRegistrar.php(35): Illuminate\\Foundation\\Bootstrap\\HandleExceptions->Illuminate\\Foundation\\Bootstrap\\{closure}(2, 'require(C:\\\\Zaki...', 'C:\\\\Zaki-Adam\\\\Co...', 35)
#2 C:\\Zaki-Adam\\Code\\DPW\\Laravel\\dpw-tubes-2\\vendor\\laravel\\framework\\src\\Illuminate\\Routing\\RouteFileRegistrar.php(35): require('C:\\\\Zaki-Adam\\\\Co...')
#3 C:\\Zaki-Adam\\Code\\DPW\\Laravel\\dpw-tubes-2\\vendor\\laravel\\framework\\src\\Illuminate\\Routing\\Router.php(511): Illuminate\\Routing\\RouteFileRegistrar->register('C:\\\\Zaki-Adam\\\\Co...')
#4 C:\\Zaki-Adam\\Code\\DPW\\Laravel\\dpw-tubes-2\\vendor\\laravel\\framework\\src\\Illuminate\\Routing\\Router.php(465): Illuminate\\Routing\\Router->loadRoutes('C:\\\\Zaki-Adam\\\\Co...')
#5 C:\\Zaki-Adam\\Code\\DPW\\Laravel\\dpw-tubes-2\\vendor\\laravel\\framework\\src\\Illuminate\\Routing\\RouteRegistrar.php(194): Illuminate\\Routing\\Router->group(Array, 'C:\\\\Zaki-Adam\\\\Co...')
#6 C:\\Zaki-Adam\\Code\\DPW\\Laravel\\dpw-tubes-2\\app\\Providers\\RouteServiceProvider.php(34): Illuminate\\Routing\\RouteRegistrar->group('C:\\\\Zaki-Adam\\\\Co...')
#7 C:\\Zaki-Adam\\Code\\DPW\\Laravel\\dpw-tubes-2\\vendor\\laravel\\framework\\src\\Illuminate\\Container\\BoundMethod.php(36): App\\Providers\\RouteServiceProvider->App\\Providers\\{closure}()
#8 C:\\Zaki-Adam\\Code\\DPW\\Laravel\\dpw-tubes-2\\vendor\\laravel\\framework\\src\\Illuminate\\Container\\Util.php(41): Illuminate\\Container\\BoundMethod::Illuminate\\Container\\{closure}()
#9 C:\\Zaki-Adam\\Code\\DPW\\Laravel\\dpw-tubes-2\\vendor\\laravel\\framework\\src\\Illuminate\\Container\\BoundMethod.php(81): Illuminate\\Container\\Util::unwrapIfClosure(Object(Closure))
#10 C:\\Zaki-Adam\\Code\\DPW\\Laravel\\dpw-tubes-2\\vendor\\laravel\\framework\\src\\Illuminate\\Container\\BoundMethod.php(35): Illuminate\\Container\\BoundMethod::callBoundMethod(Object(Illuminate\\Foundation\\Application), Object(Closure), Object(Closure))
#11 C:\\Zaki-Adam\\Code\\DPW\\Laravel\\dpw-tubes-2\\vendor\\laravel\\framework\\src\\Illuminate\\Container\\Container.php(662): Illuminate\\Container\\BoundMethod::call(Object(Illuminate\\Foundation\\Application), Object(Closure), Array, NULL)
#12 C:\\Zaki-Adam\\Code\\DPW\\Laravel\\dpw-tubes-2\\vendor\\laravel\\framework\\src\\Illuminate\\Foundation\\Support\\Providers\\RouteServiceProvider.php(120): Illuminate\\Container\\Container->call(Object(Closure))
#13 C:\\Zaki-Adam\\Code\\DPW\\Laravel\\dpw-tubes-2\\vendor\\laravel\\framework\\src\\Illuminate\\Foundation\\Support\\Providers\\RouteServiceProvider.php(45): Illuminate\\Foundation\\Support\\Providers\\RouteServiceProvider->loadRoutes()
#14 C:\\Zaki-Adam\\Code\\DPW\\Laravel\\dpw-tubes-2\\vendor\\laravel\\framework\\src\\Illuminate\\Container\\BoundMethod.php(36): Illuminate\\Foundation\\Support\\Providers\\RouteServiceProvider->Illuminate\\Foundation\\Support\\Providers\\{closure}()
#15 C:\\Zaki-Adam\\Code\\DPW\\Laravel\\dpw-tubes-2\\vendor\\laravel\\framework\\src\\Illuminate\\Container\\Util.php(41): Illuminate\\Container\\BoundMethod::Illuminate\\Container\\{closure}()
#16 C:\\Zaki-Adam\\Code\\DPW\\Laravel\\dpw-tubes-2\\vendor\\laravel\\framework\\src\\Illuminate\\Container\\BoundMethod.php(81): Illuminate\\Container\\Util::unwrapIfClosure(Object(Closure))
#17 C:\\Zaki-Adam\\Code\\DPW\\Laravel\\dpw-tubes-2\\vendor\\laravel\\framework\\src\\Illuminate\\Container\\BoundMethod.php(35): Illuminate\\Container\\BoundMethod::callBoundMethod(Object(Illuminate\\Foundation\\Application), Object(Closure), Object(Closure))
#18 C:\\Zaki-Adam\\Code\\DPW\\Laravel\\dpw-tubes-2\\vendor\\laravel\\framework\\src\\Illuminate\\Container\\Container.php(662): Illuminate\\Container\\BoundMethod::call(Object(Illuminate\\Foundation\\Application), Object(Closure), Array, NULL)
#19 C:\\Zaki-Adam\\Code\\DPW\\Laravel\\dpw-tubes-2\\vendor\\laravel\\framework\\src\\Illuminate\\Support\\ServiceProvider.php(119): Illuminate\\Container\\Container->call(Object(Closure))
#20 C:\\Zaki-Adam\\Code\\DPW\\Laravel\\dpw-tubes-2\\vendor\\laravel\\framework\\src\\Illuminate\\Foundation\\Application.php(1037): Illuminate\\Support\\ServiceProvider->callBootedCallbacks()
#21 C:\\Zaki-Adam\\Code\\DPW\\Laravel\\dpw-tubes-2\\vendor\\laravel\\framework\\src\\Illuminate\\Foundation\\Application.php(1015): Illuminate\\Foundation\\Application->bootProvider(Object(App\\Providers\\RouteServiceProvider))
#22 [internal function]: Illuminate\\Foundation\\Application->Illuminate\\Foundation\\{closure}(Object(App\\Providers\\RouteServiceProvider), 23)
#23 C:\\Zaki-Adam\\Code\\DPW\\Laravel\\dpw-tubes-2\\vendor\\laravel\\framework\\src\\Illuminate\\Foundation\\Application.php(1014): array_walk(Array, Object(Closure))
#24 C:\\Zaki-Adam\\Code\\DPW\\Laravel\\dpw-tubes-2\\vendor\\laravel\\framework\\src\\Illuminate\\Foundation\\Bootstrap\\BootProviders.php(17): Illuminate\\Foundation\\Application->boot()
#25 C:\\Zaki-Adam\\Code\\DPW\\Laravel\\dpw-tubes-2\\vendor\\laravel\\framework\\src\\Illuminate\\Foundation\\Application.php(263): Illuminate\\Foundation\\Bootstrap\\BootProviders->bootstrap(Object(Illuminate\\Foundation\\Application))
#26 C:\\Zaki-Adam\\Code\\DPW\\Laravel\\dpw-tubes-2\\vendor\\laravel\\framework\\src\\Illuminate\\Foundation\\Console\\Kernel.php(447): Illuminate\\Foundation\\Application->bootstrapWith(Array)
#27 C:\\Zaki-Adam\\Code\\DPW\\Laravel\\dpw-tubes-2\\vendor\\laravel\\framework\\src\\Illuminate\\Foundation\\Console\\Kernel.php(199): Illuminate\\Foundation\\Console\\Kernel->bootstrap()
#28 C:\\Zaki-Adam\\Code\\DPW\\Laravel\\dpw-tubes-2\\artisan(35): Illuminate\\Foundation\\Console\\Kernel->handle(Object(Symfony\\Component\\Console\\Input\\ArgvInput), Object(Symfony\\Component\\Console\\Output\\ConsoleOutput))
#29 {main}
"} 
[2024-09-28 06:17:13] local.ERROR: require(C:\Zaki-Adam\Code\DPW\Laravel\dpw-tubes-2\routes/api.php): Failed to open stream: No such file or directory {"exception":"[object] (ErrorException(code: 0): require(C:\\Zaki-Adam\\Code\\DPW\\Laravel\\dpw-tubes-2\\routes/api.php): Failed to open stream: No such file or directory at C:\\Zaki-Adam\\Code\\DPW\\Laravel\\dpw-tubes-2\\vendor\\laravel\\framework\\src\\Illuminate\\Routing\\RouteFileRegistrar.php:35)
[stacktrace]
#0 C:\\Zaki-Adam\\Code\\DPW\\Laravel\\dpw-tubes-2\\vendor\\laravel\\framework\\src\\Illuminate\\Foundation\\Bootstrap\\HandleExceptions.php(255): Illuminate\\Foundation\\Bootstrap\\HandleExceptions->handleError(2, 'require(C:\\\\Zaki...', 'C:\\\\Zaki-Adam\\\\Co...', 35)
#1 C:\\Zaki-Adam\\Code\\DPW\\Laravel\\dpw-tubes-2\\vendor\\laravel\\framework\\src\\Illuminate\\Routing\\RouteFileRegistrar.php(35): Illuminate\\Foundation\\Bootstrap\\HandleExceptions->Illuminate\\Foundation\\Bootstrap\\{closure}(2, 'require(C:\\\\Zaki...', 'C:\\\\Zaki-Adam\\\\Co...', 35)
#2 C:\\Zaki-Adam\\Code\\DPW\\Laravel\\dpw-tubes-2\\vendor\\laravel\\framework\\src\\Illuminate\\Routing\\RouteFileRegistrar.php(35): require('C:\\\\Zaki-Adam\\\\Co...')
#3 C:\\Zaki-Adam\\Code\\DPW\\Laravel\\dpw-tubes-2\\vendor\\laravel\\framework\\src\\Illuminate\\Routing\\Router.php(511): Illuminate\\Routing\\RouteFileRegistrar->register('C:\\\\Zaki-Adam\\\\Co...')
#4 C:\\Zaki-Adam\\Code\\DPW\\Laravel\\dpw-tubes-2\\vendor\\laravel\\framework\\src\\Illuminate\\Routing\\Router.php(465): Illuminate\\Routing\\Router->loadRoutes('C:\\\\Zaki-Adam\\\\Co...')
#5 C:\\Zaki-Adam\\Code\\DPW\\Laravel\\dpw-tubes-2\\vendor\\laravel\\framework\\src\\Illuminate\\Routing\\RouteRegistrar.php(194): Illuminate\\Routing\\Router->group(Array, 'C:\\\\Zaki-Adam\\\\Co...')
#6 C:\\Zaki-Adam\\Code\\DPW\\Laravel\\dpw-tubes-2\\app\\Providers\\RouteServiceProvider.php(34): Illuminate\\Routing\\RouteRegistrar->group('C:\\\\Zaki-Adam\\\\Co...')
#7 C:\\Zaki-Adam\\Code\\DPW\\Laravel\\dpw-tubes-2\\vendor\\laravel\\framework\\src\\Illuminate\\Container\\BoundMethod.php(36): App\\Providers\\RouteServiceProvider->App\\Providers\\{closure}()
#8 C:\\Zaki-Adam\\Code\\DPW\\Laravel\\dpw-tubes-2\\vendor\\laravel\\framework\\src\\Illuminate\\Container\\Util.php(41): Illuminate\\Container\\BoundMethod::Illuminate\\Container\\{closure}()
#9 C:\\Zaki-Adam\\Code\\DPW\\Laravel\\dpw-tubes-2\\vendor\\laravel\\framework\\src\\Illuminate\\Container\\BoundMethod.php(81): Illuminate\\Container\\Util::unwrapIfClosure(Object(Closure))
#10 C:\\Zaki-Adam\\Code\\DPW\\Laravel\\dpw-tubes-2\\vendor\\laravel\\framework\\src\\Illuminate\\Container\\BoundMethod.php(35): Illuminate\\Container\\BoundMethod::callBoundMethod(Object(Illuminate\\Foundation\\Application), Object(Closure), Object(Closure))
#11 C:\\Zaki-Adam\\Code\\DPW\\Laravel\\dpw-tubes-2\\vendor\\laravel\\framework\\src\\Illuminate\\Container\\Container.php(662): Illuminate\\Container\\BoundMethod::call(Object(Illuminate\\Foundation\\Application), Object(Closure), Array, NULL)
#12 C:\\Zaki-Adam\\Code\\DPW\\Laravel\\dpw-tubes-2\\vendor\\laravel\\framework\\src\\Illuminate\\Foundation\\Support\\Providers\\RouteServiceProvider.php(120): Illuminate\\Container\\Container->call(Object(Closure))
#13 C:\\Zaki-Adam\\Code\\DPW\\Laravel\\dpw-tubes-2\\vendor\\laravel\\framework\\src\\Illuminate\\Foundation\\Support\\Providers\\RouteServiceProvider.php(45): Illuminate\\Foundation\\Support\\Providers\\RouteServiceProvider->loadRoutes()
#14 C:\\Zaki-Adam\\Code\\DPW\\Laravel\\dpw-tubes-2\\vendor\\laravel\\framework\\src\\Illuminate\\Container\\BoundMethod.php(36): Illuminate\\Foundation\\Support\\Providers\\RouteServiceProvider->Illuminate\\Foundation\\Support\\Providers\\{closure}()
#15 C:\\Zaki-Adam\\Code\\DPW\\Laravel\\dpw-tubes-2\\vendor\\laravel\\framework\\src\\Illuminate\\Container\\Util.php(41): Illuminate\\Container\\BoundMethod::Illuminate\\Container\\{closure}()
#16 C:\\Zaki-Adam\\Code\\DPW\\Laravel\\dpw-tubes-2\\vendor\\laravel\\framework\\src\\Illuminate\\Container\\BoundMethod.php(81): Illuminate\\Container\\Util::unwrapIfClosure(Object(Closure))
#17 C:\\Zaki-Adam\\Code\\DPW\\Laravel\\dpw-tubes-2\\vendor\\laravel\\framework\\src\\Illuminate\\Container\\BoundMethod.php(35): Illuminate\\Container\\BoundMethod::callBoundMethod(Object(Illuminate\\Foundation\\Application), Object(Closure), Object(Closure))
#18 C:\\Zaki-Adam\\Code\\DPW\\Laravel\\dpw-tubes-2\\vendor\\laravel\\framework\\src\\Illuminate\\Container\\Container.php(662): Illuminate\\Container\\BoundMethod::call(Object(Illuminate\\Foundation\\Application), Object(Closure), Array, NULL)
#19 C:\\Zaki-Adam\\Code\\DPW\\Laravel\\dpw-tubes-2\\vendor\\laravel\\framework\\src\\Illuminate\\Support\\ServiceProvider.php(119): Illuminate\\Container\\Container->call(Object(Closure))
#20 C:\\Zaki-Adam\\Code\\DPW\\Laravel\\dpw-tubes-2\\vendor\\laravel\\framework\\src\\Illuminate\\Foundation\\Application.php(1037): Illuminate\\Support\\ServiceProvider->callBootedCallbacks()
#21 C:\\Zaki-Adam\\Code\\DPW\\Laravel\\dpw-tubes-2\\vendor\\laravel\\framework\\src\\Illuminate\\Foundation\\Application.php(1015): Illuminate\\Foundation\\Application->bootProvider(Object(App\\Providers\\RouteServiceProvider))
#22 [internal function]: Illuminate\\Foundation\\Application->Illuminate\\Foundation\\{closure}(Object(App\\Providers\\RouteServiceProvider), 23)
#23 C:\\Zaki-Adam\\Code\\DPW\\Laravel\\dpw-tubes-2\\vendor\\laravel\\framework\\src\\Illuminate\\Foundation\\Application.php(1014): array_walk(Array, Object(Closure))
#24 C:\\Zaki-Adam\\Code\\DPW\\Laravel\\dpw-tubes-2\\vendor\\laravel\\framework\\src\\Illuminate\\Foundation\\Bootstrap\\BootProviders.php(17): Illuminate\\Foundation\\Application->boot()
#25 C:\\Zaki-Adam\\Code\\DPW\\Laravel\\dpw-tubes-2\\vendor\\laravel\\framework\\src\\Illuminate\\Foundation\\Application.php(263): Illuminate\\Foundation\\Bootstrap\\BootProviders->bootstrap(Object(Illuminate\\Foundation\\Application))
#26 C:\\Zaki-Adam\\Code\\DPW\\Laravel\\dpw-tubes-2\\vendor\\laravel\\framework\\src\\Illuminate\\Foundation\\Console\\Kernel.php(447): Illuminate\\Foundation\\Application->bootstrapWith(Array)
#27 C:\\Zaki-Adam\\Code\\DPW\\Laravel\\dpw-tubes-2\\vendor\\laravel\\framework\\src\\Illuminate\\Foundation\\Console\\Kernel.php(199): Illuminate\\Foundation\\Console\\Kernel->bootstrap()
#28 C:\\Zaki-Adam\\Code\\DPW\\Laravel\\dpw-tubes-2\\artisan(35): Illuminate\\Foundation\\Console\\Kernel->handle(Object(Symfony\\Component\\Console\\Input\\ArgvInput), Object(Symfony\\Component\\Console\\Output\\ConsoleOutput))
#29 {main}
"} 
